<?xml version="1.0" encoding="UTF-8"?>
<beans xmlns="http://www.springframework.org/schema/beans"
       xmlns:xsi="http://www.w3.org/2001/XMLSchema-instance"
       xmlns:context="http://www.springframework.org/schema/context"
       xmlns:p="http://www.springframework.org/schema/p"
       xsi:schemaLocation="
                           http://www.springframework.org/schema/beans 
                           http://www.springframework.org/schema/beans/spring-beans.xsd
                           http://www.springframework.org/schema/context 
                           http://www.springframework.org/schema/context/spring-context.xsd
                           ">

    <context:annotation-config/>
    
	<bean id="applicationProperties" class="org.springframework.beans.factory.config.PropertyPlaceholderConfigurer">
    	<property name="locations">
            <list>
                <value>classpath:test.properties</value>
            </list>
        </property>
	</bean>

    <bean id="dataSource"
        class="org.apache.commons.dbcp.BasicDataSource"
        autowire="byName"
        destroy-method="close"
        p:driverClassName="${jdbc.driverClassName}"
        p:url="${jdbc.url}"
        p:username="${jdbc.username}"
        p:password="${jdbc.password}"
        p:maxActive="${dbcp.maxActive}"
        p:maxWait="${dbcp.maxWait}"
        p:minIdle="${dbcp.minIdle}"
        p:maxIdle="${dbcp.maxIdle}"
        p:validationQuery="${dbcp.validationQuery}"
        p:testOnBorrow="true"
        p:defaultTransactionIsolation="4"
        p:removeAbandoned="true"
        p:removeAbandonedTimeout="300"
        p:logAbandoned="true" />
        
    <bean id="ecpmDataCacheLoader"
        class="com.adfonic.data.cache.ecpm.loader.EcpmDataCacheLoader"
        autowire="byName">
        
        <property name="ecpmDataSource"><ref bean="dataSource"/></property>
    </bean>
    

    <bean id="domainCacheLoader"
        class="com.adfonic.domain.cache.DomainCacheLoader">
        
        <property name="dataSource"><ref bean="dataSource"/></property>
    </bean>
    
    <bean id="adserverDomainCacheManager"
          class="com.adfonic.domain.cache.AdserverDomainCacheManager">
        <constructor-arg value="${adfonic.cache.home:/usr/local/adfonic/cache}"/>
        <constructor-arg value="${AdserverDomainCache.label}"/>
        <constructor-arg value="${AdserverDomainCache.useMemory}"/>
    </bean>

</beans>
