<?xml version="1.0" encoding="UTF-8"?>
<beans xmlns="http://www.springframework.org/schema/beans"
       xmlns:xsi="http://www.w3.org/2001/XMLSchema-instance"
       xmlns:context="http://www.springframework.org/schema/context"
       xmlns:p="http://www.springframework.org/schema/p"
       xsi:schemaLocation="http://www.springframework.org/schema/beans 
                           http://www.springframework.org/schema/beans/spring-beans.xsd
                           http://www.springframework.org/schema/context 
                           http://www.springframework.org/schema/context/spring-context.xsd">

    <context:annotation-config/>

    <!-- Loads Spring Task Scheduler related configurations -->  
    <import resource="spring-scheduler.xml"/>

    
	<bean id="applicationProperties" class="org.springframework.beans.factory.config.PropertyPlaceholderConfigurer">
        <property name="locations"> 
            <list>
                <value>classpath:test.properties</value>
            </list>
        </property>
	</bean>


    <bean id="dataSource"
        class="org.apache.commons.dbcp.BasicDataSource"
        autowire="byName"
        destroy-method="close"
        p:driverClassName="${jdbc.driverClassName}"
        p:url="${jdbc.url}"
        p:username="${jdbc.username}"
        p:password="${jdbc.password}"
        p:maxActive="${jdbc.maxActive}"
        p:maxWait="${jdbc.maxWait}"
        p:minIdle="${jdbc.minIdle}"
        p:maxIdle="${jdbc.maxIdle}"
        p:validationQuery="${jdbc.validationQuery}"
        p:testOnBorrow="true"
        p:defaultTransactionIsolation="4"
        p:removeAbandoned="true"
        p:removeAbandonedTimeout="300"
        p:logAbandoned="true" />
        
    <bean id="adserverDomainCacheManager"
          class="com.adfonic.domain.cache.AdserverDomainCacheManager">
        <constructor-arg value="${adfonic.cache.home:/usr/local/adfonic/cache}"/>
        <constructor-arg value="${AdserverDomainCache.label}"/>
        <constructor-arg value="${AdserverDomainCache.useMemory}"/>
    </bean>
    
    <bean id="ecpmDataCacheLoader"
        class="com.adfonic.data.cache.ecpm.loader.EcpmDataCacheLoader"
        autowire="byName">
        
        <property name="ecpmDataSource"><ref bean="dataSource"/></property>
    </bean>
    
    <bean id="dataCacheMainLoader"
        class="com.adfonic.data.cache.loaders.DataCacheMainLoader"
        autowire="byName">
        
        <property name="dataSource"><ref bean="dataSource"/></property>
    </bean>
    
    <bean id="adserverDataCacheManager"
          class="com.adfonic.data.cache.AdserverDataCacheManagerImpl">
    </bean>
    
    <bean id="dataCacheLoadingEnabled" class="java.lang.Boolean">
          <constructor-arg value="true"/>
    </bean>
    
    <bean id="creativesTest" class="com.adfonic.data.cache.test.CreativesTest">
    </bean>
</beans>
