<?xml version="1.0"?>
<!DOCTYPE xml>
<vhosts>
  <!-- No catch-all -->
</vhosts>
