<?xml version="1.0" encoding="UTF-8"?>
<testsuite name="com.adfonic.tracker.controller.TestInstallController" time="0.74" tests="35" errors="0" skipped="0" failures="0">
  <properties>
    <property name="java.runtime.name" value="Java(TM) SE Runtime Environment"/>
    <property name="sun.boot.library.path" value="/Library/Java/JavaVirtualMachines/jdk1.8.0_45.jdk/Contents/Home/jre/lib"/>
    <property name="java.vm.version" value="25.45-b02"/>
    <property name="user.country.format" value="GB"/>
    <property name="gopherProxySet" value="false"/>
    <property name="org.w3c.css.sac.parser" value="com.steadystate.css.parser.SACParserCSS3"/>
    <property name="java.vm.vendor" value="Oracle Corporation"/>
    <property name="java.vendor.url" value="http://java.oracle.com/"/>
    <property name="path.separator" value=":"/>
    <property name="guice.disable.misplaced.annotation.check" value="true"/>
    <property name="java.vm.name" value="Java HotSpot(TM) 64-Bit Server VM"/>
    <property name="file.encoding.pkg" value="sun.io"/>
    <property name="user.country" value="US"/>
    <property name="sun.java.launcher" value="SUN_STANDARD"/>
    <property name="sun.os.patch.level" value="unknown"/>
    <property name="java.vm.specification.name" value="Java Virtual Machine Specification"/>
    <property name="user.dir" value="/Users/graemeparker/Documents/workspace/byyd-tech/projects"/>
    <property name="java.runtime.version" value="1.8.0_45-b14"/>
    <property name="java.awt.graphicsenv" value="sun.awt.CGraphicsEnvironment"/>
    <property name="java.endorsed.dirs" value="/Library/Java/JavaVirtualMachines/jdk1.8.0_45.jdk/Contents/Home/jre/lib/endorsed"/>
    <property name="os.arch" value="x86_64"/>
    <property name="java.io.tmpdir" value="/var/folders/g6/lc2bz3_n2j72x0r9zv7byf7w0000gn/T/"/>
    <property name="line.separator" value="&#10;"/>
    <property name="java.vm.specification.vendor" value="Oracle Corporation"/>
    <property name="os.name" value="Mac OS X"/>
    <property name="classworlds.conf" value="/opt/maven/bin/m2.conf"/>
    <property name="sun.jnu.encoding" value="UTF-8"/>
    <property name="java.library.path" value="/Users/graemeparker/Library/Java/Extensions:/Library/Java/Extensions:/Network/Library/Java/Extensions:/System/Library/Java/Extensions:/usr/lib/java:."/>
    <property name="java.specification.name" value="Java Platform API Specification"/>
    <property name="java.class.version" value="52.0"/>
    <property name="sun.management.compiler" value="HotSpot 64-Bit Tiered Compilers"/>
    <property name="os.version" value="10.9.5"/>
    <property name="http.nonProxyHosts" value="local|*.local|169.254/16|*.169.254/16"/>
    <property name="user.home" value="/Users/graemeparker"/>
    <property name="user.timezone" value="Europe/London"/>
    <property name="java.awt.printerjob" value="sun.lwawt.macosx.CPrinterJob"/>
    <property name="java.specification.version" value="1.8"/>
    <property name="file.encoding" value="UTF-8"/>
    <property name="user.name" value="graemeparker"/>
    <property name="java.class.path" value="/Users/graemeparker/Documents/workspace/byyd-tech/projects/common-api/target/classes:"/>
    <property name="java.vm.specification.version" value="1.8"/>
    <property name="sun.arch.data.model" value="64"/>
    <property name="java.home" value="/Library/Java/JavaVirtualMachines/jdk1.8.0_45.jdk/Contents/Home/jre"/>
    <property name="sun.java.command" value="org.codehaus.plexus.classworlds.launcher.Launcher clean install"/>
    <property name="java.specification.vendor" value="Oracle Corporation"/>
    <property name="user.language" value="en"/>
    <property name="awt.toolkit" value="sun.lwawt.macosx.LWCToolkit"/>
    <property name="java.vm.info" value="mixed mode"/>
    <property name="java.version" value="1.8.0_45"/>
    <property name="java.ext.dirs" value="/Users/graemeparker/Library/Java/Extensions:/Library/Java/JavaVirtualMachines/jdk1.8.0_45.jdk/Contents/Home/jre/lib/ext:/Library/Java/Extensions:/Network/Library/Java/Extensions:/System/Library/Java/Extensions:/usr/lib/java"/>
    <property name="sun.boot.class.path" value="/Library/Java/JavaVirtualMachines/jdk1.8.0_45.jdk/Contents/Home/jre/lib/resources.jar:/Library/Java/JavaVirtualMachines/jdk1.8.0_45.jdk/Contents/Home/jre/lib/rt.jar:/Library/Java/JavaVirtualMachines/jdk1.8.0_45.jdk/Contents/Home/jre/lib/sunrsasign.jar:/Library/Java/JavaVirtualMachines/jdk1.8.0_45.jdk/Contents/Home/jre/lib/jsse.jar:/Library/Java/JavaVirtualMachines/jdk1.8.0_45.jdk/Contents/Home/jre/lib/jce.jar:/Library/Java/JavaVirtualMachines/jdk1.8.0_45.jdk/Contents/Home/jre/lib/charsets.jar:/Library/Java/JavaVirtualMachines/jdk1.8.0_45.jdk/Contents/Home/jre/lib/jfr.jar:/Library/Java/JavaVirtualMachines/jdk1.8.0_45.jdk/Contents/Home/jre/classes"/>
    <property name="java.vendor" value="Oracle Corporation"/>
    <property name="maven.home" value="/opt/maven"/>
    <property name="file.separator" value="/"/>
    <property name="java.vendor.url.bug" value="http://bugreport.sun.com/bugreport/"/>
    <property name="sun.cpu.endian" value="little"/>
    <property name="sun.io.unicode.encoding" value="UnicodeBig"/>
    <property name="sun.font.fontmanager" value="sun.font.CFontManager"/>
    <property name="socksNonProxyHosts" value="local|*.local|169.254/16|*.169.254/16"/>
    <property name="ftp.nonProxyHosts" value="local|*.local|169.254/16|*.169.254/16"/>
    <property name="sun.cpu.isalist" value=""/>
  </properties>
  <testcase name="testDeDupInstallByDeviceIdentifiers05_click_found_all_good" classname="com.adfonic.tracker.controller.TestInstallController" time="0.219"/>
  <testcase name="testDeDupInstallByDeviceIdentifiers07_claim_1" classname="com.adfonic.tracker.controller.TestInstallController" time="0.011"/>
  <testcase name="testInstallController_trackAuthenticatedInstall_usernameNotRecognized" classname="com.adfonic.tracker.controller.TestInstallController" time="0.035"/>
  <testcase name="testDeDupInstallByDeviceIdentifiers01_none_supplied" classname="com.adfonic.tracker.controller.TestInstallController" time="0.006"/>
  <testcase name="testDeDupInstallByDeviceIdentifiers03_click_found_duplicate" classname="com.adfonic.tracker.controller.TestInstallController" time="0.021"/>
  <testcase name="testPromoteDeviceIdentifiers08_ifa_to_hifa" classname="com.adfonic.tracker.controller.TestInstallController" time="0.034"/>
  <testcase name="testPromoteDeviceIdentifiers01_dpid_already_supplied" classname="com.adfonic.tracker.controller.TestInstallController" time="0.006"/>
  <testcase name="testDeDupInstallByAdTruth_with_AdTruthData_ScheduleInstallRetry_With_Atid" classname="com.adfonic.tracker.controller.TestInstallController" time="0.124"/>
  <testcase name="test_canClaim" classname="com.adfonic.tracker.controller.TestInstallController" time="0.001"/>
  <testcase name="testInstallController_trackAuthenticatedInstall_clickNotFound" classname="com.adfonic.tracker.controller.TestInstallController" time="0.009"/>
  <testcase name="testInstallController_trackAuthenticatedInstall_applicationIdMismatch" classname="com.adfonic.tracker.controller.TestInstallController" time="0.016"/>
  <testcase name="testInstallController_trackAuthenticatedInstall_retargeting_exception" classname="com.adfonic.tracker.controller.TestInstallController" time="0.022"/>
  <testcase name="testDeDupInstallByAdTruth_no_AdTruthData_success_with_DeviceIdentifiers" classname="com.adfonic.tracker.controller.TestInstallController" time="0.023"/>
  <testcase name="testInstallController_trackAuthenticatedInstall_noAuthorizationHeader" classname="com.adfonic.tracker.controller.TestInstallController" time="0.001"/>
  <testcase name="testDeDupInstallByDeviceIdentifiers06_click_found_retargeting_exception" classname="com.adfonic.tracker.controller.TestInstallController" time="0.007"/>
  <testcase name="testInstallController_trackAuthenticatedInstall_allGood" classname="com.adfonic.tracker.controller.TestInstallController" time="0.007"/>
  <testcase name="testDeDupInstallByAdTruth_no_AdTruthData" classname="com.adfonic.tracker.controller.TestInstallController" time="0.026"/>
  <testcase name="testDeDupInstallByDeviceIdentifiers04_click_found_data_dependency" classname="com.adfonic.tracker.controller.TestInstallController" time="0.016"/>
  <testcase name="testInstallController08_deDupInstallByAppIdAndUdid" classname="com.adfonic.tracker.controller.TestInstallController" time="0.003"/>
  <testcase name="testPromoteDeviceIdentifiers04_odin1_already_supplied" classname="com.adfonic.tracker.controller.TestInstallController" time="0.003"/>
  <testcase name="testInstallController07_deDupInstallByAppIdAndUdid" classname="com.adfonic.tracker.controller.TestInstallController" time="0.003"/>
  <testcase name="testInstallController_trackAuthenticatedInstall_duplicate" classname="com.adfonic.tracker.controller.TestInstallController" time="0.014"/>
  <testcase name="testDeDupInstallByDeviceIdentifiers02_click_not_found" classname="com.adfonic.tracker.controller.TestInstallController" time="0.007"/>
  <testcase name="testInstallController06_deDupInstallByAppIdAndUdid" classname="com.adfonic.tracker.controller.TestInstallController" time="0.011"/>
  <testcase name="testDeDupInstallByDeviceIdentifiers08_claim_0" classname="com.adfonic.tracker.controller.TestInstallController" time="0.011"/>
  <testcase name="testPromoteDeviceIdentifiers02_android_to_dpid" classname="com.adfonic.tracker.controller.TestInstallController" time="0.006"/>
  <testcase name="testInstallController05_deDupInstallByAppIdAndUdid" classname="com.adfonic.tracker.controller.TestInstallController" time="0.026"/>
  <testcase name="testPromoteDeviceIdentifiers05_android_to_odin1" classname="com.adfonic.tracker.controller.TestInstallController" time="0.005"/>
  <testcase name="testDeDupInstallByAdTruth_with_AdTruthData_DuplicateException" classname="com.adfonic.tracker.controller.TestInstallController" time="0.008"/>
  <testcase name="testDeDupInstallByAdTruth_with_AdTruthData" classname="com.adfonic.tracker.controller.TestInstallController" time="0.025"/>
  <testcase name="testPromoteDeviceIdentifiers07_no_promotions_applicable" classname="com.adfonic.tracker.controller.TestInstallController" time="0.012"/>
  <testcase name="testPromoteDeviceIdentifiers06_none_supplied" classname="com.adfonic.tracker.controller.TestInstallController" time="0.01"/>
  <testcase name="testInstallController_trackAuthenticatedInstall_invalidPassword" classname="com.adfonic.tracker.controller.TestInstallController" time="0.003"/>
  <testcase name="testPromoteDeviceIdentifiers03_udid_to_dpid" classname="com.adfonic.tracker.controller.TestInstallController" time="0.003"/>
  <testcase name="testInstallController_trackAuthenticatedInstall_invalidAuthorizationHeader" classname="com.adfonic.tracker.controller.TestInstallController" time="0.006"/>
</testsuite>