<?xml version="1.0" encoding="UTF-8"?>
<testsuite name="com.adfonic.datacollector.TestAdEventDataCollector" time="1.319" tests="28" errors="0" skipped="3" failures="0">
  <properties>
    <property name="java.runtime.name" value="Java(TM) SE Runtime Environment"/>
    <property name="sun.boot.library.path" value="/Library/Java/JavaVirtualMachines/jdk1.8.0_45.jdk/Contents/Home/jre/lib"/>
    <property name="java.vm.version" value="25.45-b02"/>
    <property name="user.country.format" value="GB"/>
    <property name="gopherProxySet" value="false"/>
    <property name="java.vm.vendor" value="Oracle Corporation"/>
    <property name="java.vendor.url" value="http://java.oracle.com/"/>
    <property name="path.separator" value=":"/>
    <property name="guice.disable.misplaced.annotation.check" value="true"/>
    <property name="java.vm.name" value="Java HotSpot(TM) 64-Bit Server VM"/>
    <property name="file.encoding.pkg" value="sun.io"/>
    <property name="user.country" value="US"/>
    <property name="sun.java.launcher" value="SUN_STANDARD"/>
    <property name="sun.os.patch.level" value="unknown"/>
    <property name="java.vm.specification.name" value="Java Virtual Machine Specification"/>
    <property name="user.dir" value="/Users/graemeparker/Documents/workspace/byyd-tech/projects"/>
    <property name="java.runtime.version" value="1.8.0_45-b14"/>
    <property name="java.awt.graphicsenv" value="sun.awt.CGraphicsEnvironment"/>
    <property name="java.endorsed.dirs" value="/Library/Java/JavaVirtualMachines/jdk1.8.0_45.jdk/Contents/Home/jre/lib/endorsed"/>
    <property name="os.arch" value="x86_64"/>
    <property name="java.io.tmpdir" value="/var/folders/g6/lc2bz3_n2j72x0r9zv7byf7w0000gn/T/"/>
    <property name="line.separator" value="&#10;"/>
    <property name="java.vm.specification.vendor" value="Oracle Corporation"/>
    <property name="os.name" value="Mac OS X"/>
    <property name="classworlds.conf" value="/opt/maven/bin/m2.conf"/>
    <property name="sun.jnu.encoding" value="UTF-8"/>
    <property name="java.library.path" value="/Users/graemeparker/Library/Java/Extensions:/Library/Java/Extensions:/Network/Library/Java/Extensions:/System/Library/Java/Extensions:/usr/lib/java:."/>
    <property name="java.specification.name" value="Java Platform API Specification"/>
    <property name="java.class.version" value="52.0"/>
    <property name="sun.management.compiler" value="HotSpot 64-Bit Tiered Compilers"/>
    <property name="os.version" value="10.9.5"/>
    <property name="http.nonProxyHosts" value="local|*.local|169.254/16|*.169.254/16"/>
    <property name="user.home" value="/Users/graemeparker"/>
    <property name="user.timezone" value="Europe/London"/>
    <property name="java.awt.printerjob" value="sun.lwawt.macosx.CPrinterJob"/>
    <property name="java.specification.version" value="1.8"/>
    <property name="file.encoding" value="UTF-8"/>
    <property name="user.name" value="graemeparker"/>
    <property name="java.class.path" value="/Users/graemeparker/Documents/workspace/byyd-tech/projects/common-api/target/classes:"/>
    <property name="java.vm.specification.version" value="1.8"/>
    <property name="sun.arch.data.model" value="64"/>
    <property name="java.home" value="/Library/Java/JavaVirtualMachines/jdk1.8.0_45.jdk/Contents/Home/jre"/>
    <property name="sun.java.command" value="org.codehaus.plexus.classworlds.launcher.Launcher clean install"/>
    <property name="java.specification.vendor" value="Oracle Corporation"/>
    <property name="user.language" value="en"/>
    <property name="awt.toolkit" value="sun.lwawt.macosx.LWCToolkit"/>
    <property name="java.vm.info" value="mixed mode"/>
    <property name="java.version" value="1.8.0_45"/>
    <property name="java.ext.dirs" value="/Users/graemeparker/Library/Java/Extensions:/Library/Java/JavaVirtualMachines/jdk1.8.0_45.jdk/Contents/Home/jre/lib/ext:/Library/Java/Extensions:/Network/Library/Java/Extensions:/System/Library/Java/Extensions:/usr/lib/java"/>
    <property name="sun.boot.class.path" value="/Library/Java/JavaVirtualMachines/jdk1.8.0_45.jdk/Contents/Home/jre/lib/resources.jar:/Library/Java/JavaVirtualMachines/jdk1.8.0_45.jdk/Contents/Home/jre/lib/rt.jar:/Library/Java/JavaVirtualMachines/jdk1.8.0_45.jdk/Contents/Home/jre/lib/sunrsasign.jar:/Library/Java/JavaVirtualMachines/jdk1.8.0_45.jdk/Contents/Home/jre/lib/jsse.jar:/Library/Java/JavaVirtualMachines/jdk1.8.0_45.jdk/Contents/Home/jre/lib/jce.jar:/Library/Java/JavaVirtualMachines/jdk1.8.0_45.jdk/Contents/Home/jre/lib/charsets.jar:/Library/Java/JavaVirtualMachines/jdk1.8.0_45.jdk/Contents/Home/jre/lib/jfr.jar:/Library/Java/JavaVirtualMachines/jdk1.8.0_45.jdk/Contents/Home/jre/classes"/>
    <property name="java.vendor" value="Oracle Corporation"/>
    <property name="maven.home" value="/opt/maven"/>
    <property name="file.separator" value="/"/>
    <property name="java.vendor.url.bug" value="http://bugreport.sun.com/bugreport/"/>
    <property name="sun.cpu.endian" value="little"/>
    <property name="sun.io.unicode.encoding" value="UnicodeBig"/>
    <property name="sun.font.fontmanager" value="sun.font.CFontManager"/>
    <property name="socksNonProxyHosts" value="local|*.local|169.254/16|*.169.254/16"/>
    <property name="ftp.nonProxyHosts" value="local|*.local|169.254/16|*.169.254/16"/>
    <property name="sun.cpu.isalist" value=""/>
  </properties>
  <testcase name="testOnAdEvent04_throws_failedPreviously" classname="com.adfonic.datacollector.TestAdEventDataCollector" time="0.756"/>
  <testcase name="testOnAdEventBatch02_normal" classname="com.adfonic.datacollector.TestAdEventDataCollector" time="0.022"/>
  <testcase name="testOnAdEvent01_testMode" classname="com.adfonic.datacollector.TestAdEventDataCollector" time="0.018"/>
  <testcase name="testOnClickMessage02b_duplicate_with_id_collision" classname="com.adfonic.datacollector.TestAdEventDataCollector" time="0.219"/>
  <testcase name="testOnAdEvent_bytes01_deserialization_throws" classname="com.adfonic.datacollector.TestAdEventDataCollector" time="0.033"/>
  <testcase name="testOnClickMessage01_exception_while_deserializing" classname="com.adfonic.datacollector.TestAdEventDataCollector" time="0.022"/>
  <testcase name="testHandleAdEvent02_campaignId_null" classname="com.adfonic.datacollector.TestAdEventDataCollector" time="0.047"/>
  <testcase name="testEstablishUserAgentId04_truncate" classname="com.adfonic.datacollector.TestAdEventDataCollector" time="0.013"/>
  <testcase name="testHandleAdEvent03_campaign_null" classname="com.adfonic.datacollector.TestAdEventDataCollector" time="0.023"/>
  <testcase name="testOnAdEvent_bytes02_normal" classname="com.adfonic.datacollector.TestAdEventDataCollector" time="0.005"/>
  <testcase name="testOnClickMessage03_normal_non_duplicate" classname="com.adfonic.datacollector.TestAdEventDataCollector" time="0.014"/>
  <testcase name="testOnFailedAdEvent02_normal" classname="com.adfonic.datacollector.TestAdEventDataCollector" time="0.01"/>
  <testcase name="testHandleAdEvent04_non_batch" classname="com.adfonic.datacollector.TestAdEventDataCollector" time="0">
    <skipped message="Breaks"/>
  </testcase>
  <testcase name="testOnAdEvent03_throws_not_failedPreviously" classname="com.adfonic.datacollector.TestAdEventDataCollector" time="0.016"/>
  <testcase name="testHandleAdEvent05_batch" classname="com.adfonic.datacollector.TestAdEventDataCollector" time="0">
    <skipped message="Breaks"/>
  </testcase>
  <testcase name="testEstablishUserAgentId06_update_cache" classname="com.adfonic.datacollector.TestAdEventDataCollector" time="0.008"/>
  <testcase name="testOnAdEventBatch01_exception" classname="com.adfonic.datacollector.TestAdEventDataCollector" time="0.006"/>
  <testcase name="testEstablishUserAgentId05_clusterDao_throws" classname="com.adfonic.datacollector.TestAdEventDataCollector" time="0.011"/>
  <testcase name="testOnClickMessage02_null_campaign_and_normal_duplicate" classname="com.adfonic.datacollector.TestAdEventDataCollector" time="0.015"/>
  <testcase name="testOnUserAgentUpdated01_delete" classname="com.adfonic.datacollector.TestAdEventDataCollector" time="0.021"/>
  <testcase name="testHandleAdEvent01_no_publication" classname="com.adfonic.datacollector.TestAdEventDataCollector" time="0.004"/>
  <testcase name="testOnAdEvent02_AD_SERVED_AND_IMPRESSION" classname="com.adfonic.datacollector.TestAdEventDataCollector" time="0">
    <skipped message="Breaks"/>
  </testcase>
  <testcase name="testOnUserAgentUpdated01_update" classname="com.adfonic.datacollector.TestAdEventDataCollector" time="0.004"/>
  <testcase name="testEstablishUserAgentId03_normal" classname="com.adfonic.datacollector.TestAdEventDataCollector" time="0.008"/>
  <testcase name="testOnFailedAdEvent01_deserialization_throws" classname="com.adfonic.datacollector.TestAdEventDataCollector" time="0.027"/>
  <testcase name="testEstablishUserAgentId02_null_userAgent" classname="com.adfonic.datacollector.TestAdEventDataCollector" time="0.005"/>
  <testcase name="testOnClickMessage4_SC_211" classname="com.adfonic.datacollector.TestAdEventDataCollector" time="0.009"/>
  <testcase name="testEstablishUserAgentId01_null_modelId" classname="com.adfonic.datacollector.TestAdEventDataCollector" time="0.003"/>
</testsuite>