<?xml version="1.0" encoding="UTF-8" ?><testsuite errors="0" name="jasmine.specs" tests="28" failures="0" skipped="0" hostname="localhost" time="0.0" timestamp="2016-02-15T13:49:53"><testcase classname="jasmine" name="timeRangeFields Should unmark all fields for corresponding column when x-axis checkbox unchecked" time="0.0" failure="false"/><testcase classname="jasmine" name="timeRangeFields Should unmark all fields for corresponding row when y-axis checkbox unchecked" time="0.0" failure="false"/><testcase classname="jasmine" name="timeRangeFields Should mark correct fields for corresponding column when x-axis checkbox checked" time="0.0" failure="false"/><testcase classname="jasmine" name="timeRangeFields Should mark correct fields for corresponding row when y-axis checkbox checked" time="0.0" failure="false"/><testcase classname="jasmine" name="timeRangeFields Should leave not-corresponding rows when y-axis checkbox checked" time="0.0" failure="false"/><testcase classname="jasmine" name="timeRangeFields Should leave not-corresponding columns when x-axis checkbox checked" time="0.0" failure="false"/><testcase classname="jasmine" name="timeRangeFields Should leave not-corresponding rows when y-axis checkbox unchecked" time="0.0" failure="false"/><testcase classname="jasmine" name="timeRangeFields Should leave not-corresponding columns when x-axis checkbox unchecked" time="0.0" failure="false"/><testcase classname="jasmine" name="timeRangeFields Should mark checked range on load" time="0.0" failure="false"/><testcase classname="jasmine" name="accordion Should expand accordion content when header clicked" time="0.0" failure="false"/><testcase classname="jasmine" name="accordion Should collapse expanded accordion content when header clicked" time="0.0" failure="false"/><testcase classname="jasmine" name="accordion Should not change other accordion items when one clicked" time="0.0" failure="false"/><testcase classname="jasmine" name="accordion Should not expand accordion when element other than arrow or name clicked" time="0.0" failure="false"/><testcase classname="jasmine" name="crAccordion (creatives page) Should expand accordion content and hide header when header clicked" time="0.0" failure="false"/><testcase classname="jasmine" name="crAccordion (creatives page) Should disable other accordion items when one has been expanded open" time="0.0" failure="false"/><testcase classname="jasmine" name="crAccordion (creatives page) Shouldn't close accordion when status field is not equal to 'CLOSED'" time="0.0" failure="false"/><testcase classname="jasmine" name="subElExpander for checkbox group Should prepare markup - put panels as children elements of checkbox items on page load" time="0.0" failure="false"/><testcase classname="jasmine" name="subElExpander for checkbox group Should expand subitem of selected checkbox on page load" time="0.0" failure="false"/><testcase classname="jasmine" name="subElExpander for checkbox group Should expand subitem of checked checkbox" time="0.0" failure="false"/><testcase classname="jasmine" name="subElExpander for checkbox group Shouldn't close expanded subitem when other checkbox checked" time="0.0" failure="false"/><testcase classname="jasmine" name="subElExpander - for radio button group Should prepare markup - put panels as children elements of radio button items on page load" time="0.0" failure="false"/><testcase classname="jasmine" name="subElExpander - for radio button group Should expand subitem of selected radio button on page load" time="0.0" failure="false"/><testcase classname="jasmine" name="subElExpander - for radio button group Should expand subitem of clicked radio button item" time="0.0" failure="false"/><testcase classname="jasmine" name="subElExpander - for radio button group Should close expanded subitem when other radio button item clicked" time="0.0" failure="false"/><testcase classname="jasmine" name="charCount Should update the number of allowed chars on the counter when initialized" time="0.0" failure="false"/><testcase classname="jasmine" name="charCount Should reduce the number of allowed chars on the counter, when chars entered into text field" time="0.0" failure="false"/><testcase classname="jasmine" name="charCount Should increase the number of allowed chars on the counter, when chars removed from text field" time="0.0" failure="false"/><testcase classname="jasmine" name="charCount Shoud apply error class to counter when count is less than 0" time="0.0" failure="false"/></testsuite>